<?xml version="1.0" encoding="UTF-8"?>
<!-- Generated by org.testng.reporters.JUnitReportReporter -->
<testsuite skipped="0" hostname="Maroof" name="Test.TestClass" tests="1" failures="0" timestamp="18 Sep 2018 19:03:47 GMT" time="21.546" errors="0">
  <testcase name="verifySeleniumBlog" time="21.546" classname="Test.TestClass"/>
</testsuite> <!-- Test.TestClass -->
